0 info it worked if it ends with ok
1 verbose cli [ 'D:\\Program Files\\nodejs\\node.exe',
1 verbose cli   'D:\\Program Files\\nodejs\\node_modules\\npm\\bin\\npm-cli.js',
1 verbose cli   'start' ]
2 info using npm@3.6.0
3 info using node@v5.6.0
4 verbose run-script [ 'prestart', 'start', 'poststart' ]
5 info lifecycle count@1.0.0~prestart: count@1.0.0
6 silly lifecycle count@1.0.0~prestart: no script for prestart, continuing
7 info lifecycle count@1.0.0~start: count@1.0.0
8 verbose lifecycle count@1.0.0~start: unsafe-perm in lifecycle true
9 verbose lifecycle count@1.0.0~start: PATH: D:\Program Files\nodejs\node_modules\npm\bin\node-gyp-bin;E:\git-repository\cq-hyfe-share\前端交流分享\220160920\count\node_modules\.bin;D:\Program Files\ImageMagick-7.0.2-Q16;D:\Program Files (x86)\Java\jdk1.7.0_25\bin;D:\Program Files (x86)\Java\jdk1.7.0_25\jre\bin;C:\Program Files (x86)\Intel\iCLS Client\;C:\Program Files\Intel\iCLS Client\;C:\WINDOWS\system32;C:\WINDOWS;C:\WINDOWS\System32\Wbem;C:\WINDOWS\System32\WindowsPowerShell\v1.0\;C:\Program Files (x86)\Intel\Intel(R) Management Engine Components\DAL;C:\Program Files\Intel\Intel(R) Management Engine Components\DAL;C:\Program Files (x86)\Intel\Intel(R) Management Engine Components\IPT;C:\Program Files\Intel\Intel(R) Management Engine Components\IPT;C:\Program Files (x86)\ATI Technologies\ATI.ACE\Core-Static;D:\Program Files\TortoiseSVN\bin;D:\Program Files\nodejs\;C:\Windows\System32\;D:\Program Files (x86)\Microsoft VS Code\bin;C:\Users\admin\AppData\Roaming\npm;C:\Windows\System32\;C:\Users\admin\AppData\Local\Microsoft\WindowsApps;
10 verbose lifecycle count@1.0.0~start: CWD: E:\git-repository\cq-hyfe-share\前端交流分享\220160920\count
11 silly lifecycle count@1.0.0~start: Args: [ '/d /s /c', 'node server.js' ]
12 silly lifecycle count@1.0.0~start: Returned: code: 1  signal: null
13 info lifecycle count@1.0.0~start: Failed to exec start script
14 verbose stack Error: count@1.0.0 start: `node server.js`
14 verbose stack Exit status 1
14 verbose stack     at EventEmitter.<anonymous> (D:\Program Files\nodejs\node_modules\npm\lib\utils\lifecycle.js:232:16)
14 verbose stack     at emitTwo (events.js:100:13)
14 verbose stack     at EventEmitter.emit (events.js:185:7)
14 verbose stack     at ChildProcess.<anonymous> (D:\Program Files\nodejs\node_modules\npm\lib\utils\spawn.js:24:14)
14 verbose stack     at emitTwo (events.js:100:13)
14 verbose stack     at ChildProcess.emit (events.js:185:7)
14 verbose stack     at maybeClose (internal/child_process.js:827:16)
14 verbose stack     at Process.ChildProcess._handle.onexit (internal/child_process.js:211:5)
15 verbose pkgid count@1.0.0
16 verbose cwd E:\git-repository\cq-hyfe-share\前端交流分享\220160920\count
17 error Windows_NT 10.0.14393
18 error argv "D:\\Program Files\\nodejs\\node.exe" "D:\\Program Files\\nodejs\\node_modules\\npm\\bin\\npm-cli.js" "start"
19 error node v5.6.0
20 error npm  v3.6.0
21 error code ELIFECYCLE
22 error count@1.0.0 start: `node server.js`
22 error Exit status 1
23 error Failed at the count@1.0.0 start script 'node server.js'.
23 error Make sure you have the latest version of node.js and npm installed.
23 error If you do, this is most likely a problem with the count package,
23 error not with npm itself.
23 error Tell the author that this fails on your system:
23 error     node server.js
23 error You can get information on how to open an issue for this project with:
23 error     npm bugs count
23 error Or if that isn't available, you can get their info via:
23 error     npm owner ls count
23 error There is likely additional logging output above.
24 verbose exit [ 1, true ]
